[1.104s] Invoking command in '/home/user/ros2_ws/src/restaurant_butler': PYTHONPATH=/home/user/ros2_ws/build/restaurant_butler/prefix_override:/home/user/ros2_ws/install/restaurant_butler/lib/python3.10/site-packages:${PYTHONPATH} _=/usr/bin/env /usr/bin/python3 -W ignore:setup.py install is deprecated setup.py egg_info --egg-base ../../build/restaurant_butler build --build-base /home/user/ros2_ws/build/restaurant_butler/build install --record /home/user/ros2_ws/build/restaurant_butler/install.log --single-version-externally-managed install_data
[1.550s] running egg_info
[1.552s] writing ../../build/restaurant_butler/restaurant_butler.egg-info/PKG-INFO
[1.552s] writing dependency_links to ../../build/restaurant_butler/restaurant_butler.egg-info/dependency_links.txt
[1.552s] writing entry points to ../../build/restaurant_butler/restaurant_butler.egg-info/entry_points.txt
[1.552s] writing requirements to ../../build/restaurant_butler/restaurant_butler.egg-info/requires.txt
[1.553s] writing top-level names to ../../build/restaurant_butler/restaurant_butler.egg-info/top_level.txt
[1.554s] reading manifest file '../../build/restaurant_butler/restaurant_butler.egg-info/SOURCES.txt'
[1.555s] writing manifest file '../../build/restaurant_butler/restaurant_butler.egg-info/SOURCES.txt'
[1.555s] running build
[1.555s] running build_py
[1.556s] copying restaurant_butler/butler_node.py -> /home/user/ros2_ws/build/restaurant_butler/build/lib/restaurant_butler
[1.556s] running install
[1.556s] running install_lib
[1.557s] copying /home/user/ros2_ws/build/restaurant_butler/build/lib/restaurant_butler/butler_node.py -> /home/user/ros2_ws/install/restaurant_butler/lib/python3.10/site-packages/restaurant_butler
[1.558s] byte-compiling /home/user/ros2_ws/install/restaurant_butler/lib/python3.10/site-packages/restaurant_butler/butler_node.py to butler_node.cpython-310.pyc
[1.558s] running install_data
[1.558s] running install_egg_info
[1.562s] removing '/home/user/ros2_ws/install/restaurant_butler/lib/python3.10/site-packages/restaurant_butler-0.0.0-py3.10.egg-info' (and everything under it)
[1.562s] Copying ../../build/restaurant_butler/restaurant_butler.egg-info to /home/user/ros2_ws/install/restaurant_butler/lib/python3.10/site-packages/restaurant_butler-0.0.0-py3.10.egg-info
[1.563s] running install_scripts
[1.597s] writing list of installed files to '/home/user/ros2_ws/build/restaurant_butler/install.log'
[1.632s] Invoked command in '/home/user/ros2_ws/src/restaurant_butler' returned '0': PYTHONPATH=/home/user/ros2_ws/build/restaurant_butler/prefix_override:/home/user/ros2_ws/install/restaurant_butler/lib/python3.10/site-packages:${PYTHONPATH} _=/usr/bin/env /usr/bin/python3 -W ignore:setup.py install is deprecated setup.py egg_info --egg-base ../../build/restaurant_butler build --build-base /home/user/ros2_ws/build/restaurant_butler/build install --record /home/user/ros2_ws/build/restaurant_butler/install.log --single-version-externally-managed install_data
