running egg_info
creating ../../build/restaurant_butler/restaurant_butler.egg-info
writing ../../build/restaurant_butler/restaurant_butler.egg-info/PKG-INFO
writing dependency_links to ../../build/restaurant_butler/restaurant_butler.egg-info/dependency_links.txt
writing entry points to ../../build/restaurant_butler/restaurant_butler.egg-info/entry_points.txt
writing requirements to ../../build/restaurant_butler/restaurant_butler.egg-info/requires.txt
writing top-level names to ../../build/restaurant_butler/restaurant_butler.egg-info/top_level.txt
writing manifest file '../../build/restaurant_butler/restaurant_butler.egg-info/SOURCES.txt'
reading manifest file '../../build/restaurant_butler/restaurant_butler.egg-info/SOURCES.txt'
writing manifest file '../../build/restaurant_butler/restaurant_butler.egg-info/SOURCES.txt'
running build
running build_py
creating /home/user/ros2_ws/build/restaurant_butler/build
creating /home/user/ros2_ws/build/restaurant_butler/build/lib
creating /home/user/ros2_ws/build/restaurant_butler/build/lib/restaurant_butler
copying restaurant_butler/__init__.py -> /home/user/ros2_ws/build/restaurant_butler/build/lib/restaurant_butler
running install
running install_lib
creating /home/user/ros2_ws/install/restaurant_butler/lib/python3.10/site-packages/restaurant_butler
copying /home/user/ros2_ws/build/restaurant_butler/build/lib/restaurant_butler/__init__.py -> /home/user/ros2_ws/install/restaurant_butler/lib/python3.10/site-packages/restaurant_butler
byte-compiling /home/user/ros2_ws/install/restaurant_butler/lib/python3.10/site-packages/restaurant_butler/__init__.py to __init__.cpython-310.pyc
running install_data
creating /home/user/ros2_ws/install/restaurant_butler/share/ament_index
creating /home/user/ros2_ws/install/restaurant_butler/share/ament_index/resource_index
creating /home/user/ros2_ws/install/restaurant_butler/share/ament_index/resource_index/packages
copying resource/restaurant_butler -> /home/user/ros2_ws/install/restaurant_butler/share/ament_index/resource_index/packages
copying package.xml -> /home/user/ros2_ws/install/restaurant_butler/share/restaurant_butler
running install_egg_info
Copying ../../build/restaurant_butler/restaurant_butler.egg-info to /home/user/ros2_ws/install/restaurant_butler/lib/python3.10/site-packages/restaurant_butler-0.0.0-py3.10.egg-info
running install_scripts
writing list of installed files to '/home/user/ros2_ws/build/restaurant_butler/install.log'
