[4.012s] Invoking command in '/home/user/ros2_ws/src/restaurant_butler': PYTHONPATH=/home/user/ros2_ws/build/restaurant_butler/prefix_override:/home/user/ros2_ws/install/restaurant_butler/lib/python3.10/site-packages:${PYTHONPATH} _=/usr/bin/env /usr/bin/python3 -W ignore:setup.py install is deprecated setup.py egg_info --egg-base ../../build/restaurant_butler build --build-base /home/user/ros2_ws/build/restaurant_butler/build install --record /home/user/ros2_ws/build/restaurant_butler/install.log --single-version-externally-managed install_data
[4.457s] running egg_info
[4.457s] creating ../../build/restaurant_butler/restaurant_butler.egg-info
[4.458s] writing ../../build/restaurant_butler/restaurant_butler.egg-info/PKG-INFO
[4.458s] writing dependency_links to ../../build/restaurant_butler/restaurant_butler.egg-info/dependency_links.txt
[4.458s] writing entry points to ../../build/restaurant_butler/restaurant_butler.egg-info/entry_points.txt
[4.458s] writing requirements to ../../build/restaurant_butler/restaurant_butler.egg-info/requires.txt
[4.459s] writing top-level names to ../../build/restaurant_butler/restaurant_butler.egg-info/top_level.txt
[4.459s] writing manifest file '../../build/restaurant_butler/restaurant_butler.egg-info/SOURCES.txt'
[4.461s] reading manifest file '../../build/restaurant_butler/restaurant_butler.egg-info/SOURCES.txt'
[4.462s] writing manifest file '../../build/restaurant_butler/restaurant_butler.egg-info/SOURCES.txt'
[4.462s] running build
[4.462s] running build_py
[4.462s] creating /home/user/ros2_ws/build/restaurant_butler/build
[4.463s] creating /home/user/ros2_ws/build/restaurant_butler/build/lib
[4.463s] creating /home/user/ros2_ws/build/restaurant_butler/build/lib/restaurant_butler
[4.463s] copying restaurant_butler/__init__.py -> /home/user/ros2_ws/build/restaurant_butler/build/lib/restaurant_butler
[4.463s] running install
[4.463s] running install_lib
[4.465s] creating /home/user/ros2_ws/install/restaurant_butler/lib/python3.10/site-packages/restaurant_butler
[4.465s] copying /home/user/ros2_ws/build/restaurant_butler/build/lib/restaurant_butler/__init__.py -> /home/user/ros2_ws/install/restaurant_butler/lib/python3.10/site-packages/restaurant_butler
[4.466s] byte-compiling /home/user/ros2_ws/install/restaurant_butler/lib/python3.10/site-packages/restaurant_butler/__init__.py to __init__.cpython-310.pyc
[4.466s] running install_data
[4.467s] creating /home/user/ros2_ws/install/restaurant_butler/share/ament_index
[4.467s] creating /home/user/ros2_ws/install/restaurant_butler/share/ament_index/resource_index
[4.467s] creating /home/user/ros2_ws/install/restaurant_butler/share/ament_index/resource_index/packages
[4.467s] copying resource/restaurant_butler -> /home/user/ros2_ws/install/restaurant_butler/share/ament_index/resource_index/packages
[4.467s] copying package.xml -> /home/user/ros2_ws/install/restaurant_butler/share/restaurant_butler
[4.467s] running install_egg_info
[4.472s] Copying ../../build/restaurant_butler/restaurant_butler.egg-info to /home/user/ros2_ws/install/restaurant_butler/lib/python3.10/site-packages/restaurant_butler-0.0.0-py3.10.egg-info
[4.472s] running install_scripts
[4.512s] writing list of installed files to '/home/user/ros2_ws/build/restaurant_butler/install.log'
[4.543s] Invoked command in '/home/user/ros2_ws/src/restaurant_butler' returned '0': PYTHONPATH=/home/user/ros2_ws/build/restaurant_butler/prefix_override:/home/user/ros2_ws/install/restaurant_butler/lib/python3.10/site-packages:${PYTHONPATH} _=/usr/bin/env /usr/bin/python3 -W ignore:setup.py install is deprecated setup.py egg_info --egg-base ../../build/restaurant_butler build --build-base /home/user/ros2_ws/build/restaurant_butler/build install --record /home/user/ros2_ws/build/restaurant_butler/install.log --single-version-externally-managed install_data
