[0.834s] Invoking command in '/home/user/ros2_ws/src/restaurant_butler': PYTHONPATH=/home/user/ros2_ws/build/restaurant_butler/prefix_override:/home/user/ros2_ws/install/restaurant_butler/lib/python3.10/site-packages:${PYTHONPATH} _=/usr/bin/env /usr/bin/python3 -W ignore:setup.py install is deprecated setup.py egg_info --egg-base ../../build/restaurant_butler build --build-base /home/user/ros2_ws/build/restaurant_butler/build install --record /home/user/ros2_ws/build/restaurant_butler/install.log --single-version-externally-managed install_data
[1.161s] running egg_info
[1.162s] writing ../../build/restaurant_butler/restaurant_butler.egg-info/PKG-INFO
[1.163s] writing dependency_links to ../../build/restaurant_butler/restaurant_butler.egg-info/dependency_links.txt
[1.163s] writing entry points to ../../build/restaurant_butler/restaurant_butler.egg-info/entry_points.txt
[1.163s] writing requirements to ../../build/restaurant_butler/restaurant_butler.egg-info/requires.txt
[1.163s] writing top-level names to ../../build/restaurant_butler/restaurant_butler.egg-info/top_level.txt
[1.166s] reading manifest file '../../build/restaurant_butler/restaurant_butler.egg-info/SOURCES.txt'
[1.168s] writing manifest file '../../build/restaurant_butler/restaurant_butler.egg-info/SOURCES.txt'
[1.168s] running build
[1.168s] running build_py
[1.168s] copying restaurant_butler/butler_robot.py -> /home/user/ros2_ws/build/restaurant_butler/build/lib/restaurant_butler
[1.168s] running install
[1.169s] running install_lib
[1.169s] copying /home/user/ros2_ws/build/restaurant_butler/build/lib/restaurant_butler/butler_robot.py -> /home/user/ros2_ws/install/restaurant_butler/lib/python3.10/site-packages/restaurant_butler
[1.170s] byte-compiling /home/user/ros2_ws/install/restaurant_butler/lib/python3.10/site-packages/restaurant_butler/butler_robot.py to butler_robot.cpython-310.pyc
[1.171s] running install_data
[1.171s] running install_egg_info
[1.174s] removing '/home/user/ros2_ws/install/restaurant_butler/lib/python3.10/site-packages/restaurant_butler-0.0.0-py3.10.egg-info' (and everything under it)
[1.175s] Copying ../../build/restaurant_butler/restaurant_butler.egg-info to /home/user/ros2_ws/install/restaurant_butler/lib/python3.10/site-packages/restaurant_butler-0.0.0-py3.10.egg-info
[1.176s] running install_scripts
[1.203s] Installing butler_robot script to /home/user/ros2_ws/install/restaurant_butler/lib/restaurant_butler
[1.203s] writing list of installed files to '/home/user/ros2_ws/build/restaurant_butler/install.log'
[1.226s] Invoked command in '/home/user/ros2_ws/src/restaurant_butler' returned '0': PYTHONPATH=/home/user/ros2_ws/build/restaurant_butler/prefix_override:/home/user/ros2_ws/install/restaurant_butler/lib/python3.10/site-packages:${PYTHONPATH} _=/usr/bin/env /usr/bin/python3 -W ignore:setup.py install is deprecated setup.py egg_info --egg-base ../../build/restaurant_butler build --build-base /home/user/ros2_ws/build/restaurant_butler/build install --record /home/user/ros2_ws/build/restaurant_butler/install.log --single-version-externally-managed install_data
